INFO     started ETHDKG protocol client
INFO     account index:   3
INFO     account address: 0x8416D81cdE1a463AB1A3F00b0c6EDA7379373871



INFO     INITIALIZATION PHASE

INFO     connecting to ETHDKG contract
INFO     contract address: 0xb339961c41B783B2927cA38B183fF732773f45cC

INFO     initialization completed



INFO     REGISTRATION PHASE

INFO     current block: 10
INFO     registration until block: 22

INFO     generating key pair
INFO     private key: 4780047503107196740459471611802000579242776001891918293067430438978263196487
INFO     public key:  (1177454358640060983602531132842005248317937304742292728852555069538281101645, 3599653008259275211861050423715499869789597738584596980237654414983283837348, 19841907344654864598488575508386910896955151050433956237230689014267977572531)

INFO     sending registration transaction
INFO     transaction hash: 0xb7958ed2a2fddc7e06b0b1943ad92e2e16dfaebbcd0f7df445f9639566cbb997

INFO     waiting for confirmation

INFO     transaction confirmed
INFO     transaction hash: 0xb7958ed2a2fddc7e06b0b1943ad92e2e16dfaebbcd0f7df445f9639566cbb997
INFO     block number:     11
INFO     consumed gas:     91385
INFO     status:           OK (1)

INFO     waiting for end of registration phase and consensus stabilization
INFO     current block: 11; 16 blocks remaining
INFO     current block: 12; 15 blocks remaining
INFO     current block: 13; 14 blocks remaining
INFO     current block: 14; 13 blocks remaining
INFO     current block: 15; 12 blocks remaining
INFO     current block: 16; 11 blocks remaining
INFO     current block: 17; 10 blocks remaining
INFO     current block: 18; 9 blocks remaining
INFO     current block: 19; 8 blocks remaining
INFO     current block: 20; 7 blocks remaining
INFO     current block: 21; 6 blocks remaining
INFO     current block: 22; 5 blocks remaining
INFO     current block: 23; 4 blocks remaining
INFO     current block: 24; 3 blocks remaining
INFO     current block: 25; 2 blocks remaining
INFO     current block: 26; 1 blocks remaining

INFO     registration phase completed

INFO     registered nodes (n): 4
INFO     threshold (t):        1
INFO     registered nodes: (* marks this node)
INFO         0x00e6e7bCE3a62314450ae79dcfEf27749649362B   public key: (12490500858189066392220009066442148491562401465996038254946327886717182026438, 20392393474544947157709821196819935529139574050387215522668792808549732805535, 1)
INFO         0xB4dd430D195f5C262bC7252d7Fd0580006251ead   public key: (21691994670067835361917472236818538224342253298900418875083972363405538628174, 18598416195485504359700265199040782719892794460678446395407268388554521389234, 1)
INFO         0xd2D08A98C5db7B6242b12f8Cab15b79C70C74034   public key: (20321452202601739855251863332658483390495206454433315169933129888741935188472, 7215367806419122122629562512994608488432420509130633696824298228425830161002, 1)
INFO         0x8416D81cdE1a463AB1A3F00b0c6EDA7379373871*  public key: (20534447989456572973588332769895490511703145071566563109759813900904358504419, 1453718158526746615898758009048948863211583745000092662294495858510202943229, 1)



INFO     SHARE DISTRIBUTION PHASE

INFO     current block: 27
INFO     share distribution until block: 47

INFO     running (1, 4) secret sharing protocol
INFO     shared secret:    2032359335356469487937078193715788743430236837654250712327670783935091691450
INFO     encrypted shares: [89795338180024561524470329600310109872739636817563501928880695581410060009932, 103445346121142589912802529203542795832610100103767737615829228122973512863983, 20137011967881429846846062045794913726333469984127953393333110721140827115568]
INFO     commitments:      [(11188747159106170965460412812310539614012606789959292993898602396046308228985, 18874361062363890443296094228225291806223008857932807241524505598004741258540, 13883605114513515419035046344690769317081125370784516053811859726061951105922), (5228576656839781274862345490132611597291144509072287259814105321251128879614, 9986511837145947032083799983582415074114783773211275008532691638986735529740, 10638690049582614196388009290143613439459364890188149515991487720298260421485)]

INFO     sending share distribution transaction
INFO     transaction hash: 0x6fd0d19166531325a28f081c64ddc3ef7577d119f7d1d7d3bd2ca9be9bedd9cf

INFO     waiting for confirmation

INFO     transaction confirmed
INFO     transaction hash: 0x6fd0d19166531325a28f081c64ddc3ef7577d119f7d1d7d3bd2ca9be9bedd9cf
INFO     block number:     28
INFO     consumed gas:     96931
INFO     status:           OK (1)


INFO     waiting for end of share distribution phase and consensus stabilization
INFO     current block: 28; 24 blocks remaining
INFO     current block: 29; 23 blocks remaining
INFO     current block: 30; 22 blocks remaining
INFO     current block: 31; 21 blocks remaining
INFO     current block: 32; 20 blocks remaining
INFO     current block: 33; 19 blocks remaining
INFO     current block: 34; 18 blocks remaining
INFO     current block: 35; 17 blocks remaining
INFO     current block: 36; 16 blocks remaining
INFO     current block: 37; 15 blocks remaining
INFO     current block: 38; 14 blocks remaining
INFO     current block: 39; 13 blocks remaining
INFO     current block: 40; 12 blocks remaining
INFO     current block: 41; 11 blocks remaining
INFO     current block: 42; 10 blocks remaining
INFO     current block: 43; 9 blocks remaining
INFO     current block: 44; 8 blocks remaining
INFO     current block: 45; 7 blocks remaining
INFO     current block: 46; 6 blocks remaining
INFO     current block: 47; 5 blocks remaining
INFO     current block: 48; 4 blocks remaining
INFO     current block: 49; 3 blocks remaining
INFO     current block: 50; 2 blocks remaining
INFO     current block: 51; 1 blocks remaining

INFO     share distribution phase completed

INFO     loading shares

INFO     node 0x00e6e7bCE3a62314450ae79dcfEf27749649362B: valid share received
INFO         share for this node: 6888619244720003014974668496537213338043260212161068974875429666978342467403
INFO         encrypted shares:    {1032552644417720417087056664737352214399655681709: 79211066249107682176708742701545001890726410210250348311957267239470619962813, 1203538690355676555302112269099801242671388246068: 10390375084869024374613370186723525936000959752999460896448751472562993039846, 754096224220007064108897371374102696938490509425: 74163762530539559191417999771291707302752708594664933581509630365821009259627}
INFO         commitments:         [(2576931209759356154819273935568666656844208381141520422496442786227041124201, 19921066665329970871286612810176876376203791114052986437723396637317371528831, 1), (1072694835027345411119210342965632775986325650058314750464884735864557219901, 6192346514840524608271294105548002767105734128455883610100174734100646510236, 1)]

INFO     node 0xB4dd430D195f5C262bC7252d7Fd0580006251ead: valid share received
INFO         share for this node: 4896570095046089906300008216884179593582060080817421053509387210688134931928
INFO         encrypted shares:    {5149358609394648887919427780820816823891605035: 56226027282899065667777833730226441932155121558579906372214358160355625193806, 1203538690355676555302112269099801242671388246068: 18676630761102199606210173025445902457439889744807843564081672491599082387298, 754096224220007064108897371374102696938490509425: 77687218126258158938331003085459707306542364484459658886052176809206348712032}
INFO         commitments:         [(20258569735949796173980322429921735749292765160740411590783778627355780392615, 8895401542936401381444644342054107701268283002764771301235430922949041722175, 1), (14184579665284665466566714648080272753958784518968307605887924111850856619002, 10187818483673326115504577511560646717015173181786583210620016969349469950350, 1)]

INFO     node 0xd2D08A98C5db7B6242b12f8Cab15b79C70C74034: valid share received
INFO         share for this node: 13824161307102255521200344622213626351012189480946769501165981295594965100997
INFO         encrypted shares:    {5149358609394648887919427780820816823891605035: 69905337681161093046891749130974542588195756954688808758926999607085976279097, 1032552644417720417087056664737352214399655681709: 88567903579895277500049943518295130631323328444905249326422174762675977262155, 754096224220007064108897371374102696938490509425: 26259524862110165645575344839683831247893804658720221834223116641634753858436}
INFO         commitments:         [(5151398446579359493561730643074885071284410485836260654802774852395406304220, 20971605053033483455013903900584656728165421258661146347354608244212029198140, 1), (16165216581931135174719366270656256854603967583561062967481536288843024939042, 19817957672131205733468041533764843390469396784528855229882028876163148620445, 1)]

INFO     shares received: 3 ok, 0 missing, 0 invalid



INFO     DISPUTE PHASE

INFO     current block: 52
INFO     dispute phase until block: 72

INFO     no disputes to submit

INFO     waiting for end of share dispute phase and consensus stabilization
INFO     current block: 52; 25 blocks remaining
INFO     current block: 53; 24 blocks remaining
INFO     current block: 54; 23 blocks remaining
INFO     current block: 55; 22 blocks remaining
INFO     current block: 56; 21 blocks remaining
INFO     current block: 57; 20 blocks remaining
INFO     current block: 58; 19 blocks remaining
INFO     current block: 59; 18 blocks remaining
INFO     current block: 60; 17 blocks remaining
INFO     current block: 61; 16 blocks remaining
INFO     current block: 62; 15 blocks remaining
INFO     current block: 63; 14 blocks remaining
INFO     current block: 64; 13 blocks remaining
INFO     current block: 65; 12 blocks remaining
INFO     current block: 66; 11 blocks remaining
INFO     current block: 67; 10 blocks remaining
INFO     current block: 68; 9 blocks remaining
INFO     current block: 69; 8 blocks remaining
INFO     current block: 70; 7 blocks remaining
INFO     current block: 71; 6 blocks remaining
INFO     current block: 72; 5 blocks remaining
INFO     current block: 73; 4 blocks remaining
INFO     current block: 74; 3 blocks remaining
INFO     current block: 75; 2 blocks remaining
INFO     current block: 76; 1 blocks remaining

INFO     dispute phase completed

INFO     loading received disputes
INFO     no dispute events detected



INFO     KEY DERIVATION PHASE

INFO     current block: 77

INFO     deriving set of qualified nodes
INFO     nodes status: (* marks this node)
INFO         0x00e6e7bCE3a62314450ae79dcfEf27749649362B:  qualified
INFO         0xB4dd430D195f5C262bC7252d7Fd0580006251ead:  qualified
INFO         0xd2D08A98C5db7B6242b12f8Cab15b79C70C74034:  qualified
INFO         0x8416D81cdE1a463AB1A3F00b0c6EDA7379373871*: qualified

INFO     status summary: 4 qualified, 0 failed, 0 adversarial

INFO     deriving key share
INFO         keyshare (G1):    (15899580265319473142853741487261757172329968555840262916925328472133247181344, 7174867899376885718585717454409569890830619060210225945494804289918375020387)
INFO         keyshare (G2):    (6779260017950185121570627577668382850679444031525174173903089979235414080197, 7432308419794606957163077526851512505201718162039280716016321058192463780212, 20073046018766087030009965491424222033362433112871686539087843824374597211903, 17272801405632488994954240935732008245954636117664739699900235177851904607748)
INFO         correctess proof: (380126812674033208449347900554423706008668624703490756866157712341055153545, 4995677871163542773991558208060554832313936962750307400492480714492944535376)

INFO     submitting transaction
INFO     transaction hash: 0x2b8636fc94582c552758131e5e6cb913c08d09c3c380b7c8db0c0edcd0a9e0c9

INFO     waiting for confirmation

INFO     transaction confirmed
INFO     transaction hash: 0x2b8636fc94582c552758131e5e6cb913c08d09c3c380b7c8db0c0edcd0a9e0c9
INFO     block number:     78
INFO     consumed gas:     222474
INFO     status:           OK (1)


INFO     waiting for end of key submission and consensus stabilization
INFO     current block: 78; 24 blocks remaining
INFO     current block: 79; 23 blocks remaining
INFO     current block: 80; 22 blocks remaining
INFO     current block: 81; 21 blocks remaining
INFO     current block: 82; 20 blocks remaining
INFO     current block: 83; 19 blocks remaining
INFO     current block: 84; 18 blocks remaining
INFO     current block: 85; 17 blocks remaining
INFO     current block: 86; 16 blocks remaining
INFO     current block: 87; 15 blocks remaining
INFO     current block: 88; 14 blocks remaining
INFO     current block: 89; 13 blocks remaining
INFO     current block: 90; 12 blocks remaining
INFO     current block: 91; 11 blocks remaining
INFO     current block: 92; 10 blocks remaining
INFO     current block: 93; 9 blocks remaining
INFO     current block: 94; 8 blocks remaining
INFO     current block: 95; 7 blocks remaining
INFO     current block: 96; 6 blocks remaining
INFO     current block: 97; 5 blocks remaining
INFO     current block: 98; 4 blocks remaining
INFO     current block: 99; 3 blocks remaining
INFO     current block: 100; 2 blocks remaining
INFO     current block: 101; 1 blocks remaining

INFO     key submission completed

INFO     loading key shares
INFO     4 key share submission events detected; 4 events expected

INFO     key share from node 0xd2D08A98C5db7B6242b12f8Cab15b79C70C74034
INFO         keyshare (G1):    [14318437449392842947748228585987504952361547862341547736274090253582500523993, 13421131860239542074221366084835076350171988574091221281894458293798566422412]
INFO         keyshare (G2):    [20381888470749941047029748453855225334707508750884538441326235193358061947461, 11495647120748727696088768393781738384261125429740750562246422962662555283400, 529085567103743830921957468316186183808670060834842113292442871307323862387, 19762442993864208753361404685073762174892860973879717224185857074834586544158]
INFO         correctess proof: [40310468647004482075461982379970334410286288000477227798163402522850777373340, 9459418566755621027723635503225557101466062408389243132337002702377188853114]

INFO     key share from node 0x00e6e7bCE3a62314450ae79dcfEf27749649362B
INFO         keyshare (G1):    [1001145176682436747950615523207830763257493710382452135382507966703597686062, 16570679924543830208440350649053626124797951693232292351543178573345393382256]
INFO         keyshare (G2):    [17069877358111266232504492829423986217940686751756023555178329203056938252828, 10954102574876501189333701252339851196013578263185735985062238040245071501109, 10338698181146422959771878315588749792494703105581803382268291177769644604967, 15419016765190599101548544848358836666331052241797228302863941646768520382239]
INFO         correctess proof: [63961975594563557458787182217500582809661233211028438678941222308207184095529, 10174155911403564427849701331740536283830749091664259822407000423244556950985]

INFO     key share from node 0x8416D81cdE1a463AB1A3F00b0c6EDA7379373871
INFO         keyshare (G1):    [15899580265319473142853741487261757172329968555840262916925328472133247181344, 7174867899376885718585717454409569890830619060210225945494804289918375020387]
INFO         keyshare (G2):    [6779260017950185121570627577668382850679444031525174173903089979235414080197, 7432308419794606957163077526851512505201718162039280716016321058192463780212, 20073046018766087030009965491424222033362433112871686539087843824374597211903, 17272801405632488994954240935732008245954636117664739699900235177851904607748]
INFO         correctess proof: [380126812674033208449347900554423706008668624703490756866157712341055153545, 4995677871163542773991558208060554832313936962750307400492480714492944535376]

INFO     key share from node 0xB4dd430D195f5C262bC7252d7Fd0580006251ead
INFO         keyshare (G1):    [10277019254744166365625287005611288066533145785441376348058192423722131968958, 11559638498555663907692137278936730362009536372068687697355401231813655335461]
INFO         keyshare (G2):    [17349722472077570993625735247908467365945854322553297372908276747561676023740, 13906605623795086577694412482696805512121988864009225590005303612786776105873, 3026572244383800166305300800395268599285549179930655229514567823025259360979, 17396219506989015778704916408984656577524460892501525939361175374351060564030]
INFO         correctess proof: [78217815632808250722315233043925903935573921649161049493049789478714583808379, 19254427207767825389669272040782694985959983949776758320823466695092253889416]

INFO     no need to recover any key shares
INFO     deriving master public key
INFO     master public key: (21759332810242095827092056131276258502455469600489034731173968336589798775895, 10715497635992463082888678530531149653211167196818635276547435774843187586482, 7070500730253375067133742966005665812863874774117131401813574513409915373602, 94067438486626830364279014548225382669926178220981758413750958228730570647)

INFO     submitting master public key
INFO     transaction hash: 0x05ff606c64988e9f31e01d01c5df1188d0e5058efb398bcffe919b600e9e9a93

INFO     waiting for confirmation

INFO     transaction confirmed
INFO     transaction hash: 0x05ff606c64988e9f31e01d01c5df1188d0e5058efb398bcffe919b600e9e9a93
INFO     block number:     103
INFO     consumed gas:     25203
INFO     status:           OK (1)




INFO     DKG protocol completed

INFO     master public key: (21759332810242095827092056131276258502455469600489034731173968336589798775895, 10715497635992463082888678530531149653211167196818635276547435774843187586482, 7070500730253375067133742966005665812863874774117131401813574513409915373602, 94067438486626830364279014548225382669926178220981758413750958228730570647)

INFO     group secret key (this node): 9201056708892047506815393819112218146443576201842521485030138454734063829117
INFO     group public key (this node): (20100107041426271406247914533292860114668317051904120616710600969735730190480, 13074176824920491517729445546428629774419869219516163288369423228610678131984, 15644717760834731715486247429573925340112859042559058906867013594496171563301, 18988001865428393374963611539185025566614611373435603720867176083476582707668)
INFO     correctness proof for group public key: ((7694949850632079283972761051207637730023092928541266159371878465737614641346, 6846927864978046642310229712991808670065771640554837861531896949711003164300), (41878603678570397138589409333384009737896655922558676904760262135582534906287, 19486900598780960811206322075858953865422922717540003571177607068062038000517))

