INFO     started ETHDKG protocol client
INFO     account index:   2
INFO     account address: 0x22d491Bde2303f2f43325b2108D26f1eAbA1e32b



INFO     INITIALIZATION PHASE

INFO     connecting to ETHDKG contract
INFO     contract address: 0xe78A0F7E598Cc8b0Bb87894B0F60dD2a88d6a8Ab

INFO     initialization completed



INFO     REGISTRATION PHASE

INFO     current block: 8
INFO     registration until block: 22

INFO     generating key pair
INFO     private key: 1734448276168823581418177623416070486410446894437581094572431296007229310770
INFO     public key:  (5513851192758131612166930544255368416962813469933739011108620619916853181156, 13620540814243620124351284543286458028342458481466628102889611810740171041898, 1785043137891026466058142632958293967775847010546548797557532258222663357522)

INFO     sending registration transaction
INFO     transaction hash: 0x92bd6f55ed507eb6e8a4a9e91ea04bdcb7b2c15f7f9db8383a34f6b71d61bf31

INFO     waiting for confirmation

INFO     transaction confirmed
INFO     transaction hash: 0x92bd6f55ed507eb6e8a4a9e91ea04bdcb7b2c15f7f9db8383a34f6b71d61bf31
INFO     block number:     9
INFO     consumed gas:     91385
INFO     status:           OK (1)

INFO     waiting for end of registration phase and consensus stabilization
INFO     current block: 9; 18 blocks remaining
INFO     current block: 10; 17 blocks remaining
INFO     current block: 11; 16 blocks remaining
INFO     current block: 12; 15 blocks remaining
INFO     current block: 13; 14 blocks remaining
INFO     current block: 14; 13 blocks remaining
INFO     current block: 22; 5 blocks remaining

INFO     registration phase completed

INFO     registered nodes (n): 4
INFO     threshold (t):        1
INFO     registered nodes: (* marks this node)
INFO         0x90F8bf6A479f320ead074411a4B0e7944Ea8c9C1   public key: (11219081109625767885574927082222341923154743826473783881137613474575394369394, 1224587522677355593083236215030858845545635254673238147647129141176777702637, 1)
INFO         0xFFcf8FDEE72ac11b5c542428B35EEF5769C409f0   public key: (13745830145515158013461992775897029165343268782514110753477934750177311468381, 11227472860966831531206517125834854387590882858284896102322294142783038252334, 1)
INFO         0x22d491Bde2303f2f43325b2108D26f1eAbA1e32b*  public key: (8691916364073913543580746693822470239429686297164018239309806166755462574936, 9497346066759253607161753535941492923535352804200243678829246603739290909271, 1)
INFO         0xE11BA2b4D45Eaed5996Cd0823791E0C93114882d   public key: (8479625218882020087765863126694045353354246763506629220095111839006448621938, 10827354897817551830901494694280592626499223732650154489490582340318954981674, 1)



INFO     SHARE DISTRIBUTION PHASE

INFO     current block: 39
INFO     share distribution until block: 47

INFO     running (1, 4) secret sharing protocol
INFO     shared secret:    15552561631587562012477540223186921903065810324741322964891851649542350498053
INFO     encrypted shares: [109551840891048819164881255596600167146973800409455051373619034766992809214599, 114406170939309017683704348568091470085897682764428315001825901943476485830350, 46881363783937195948797247198972525147562504172399676880898181653799920308150]
INFO     commitments:      [(1481013802462500092077105980433725115027551454598711478413295394217970697476, 3204218407068102088449484481740645670841756350749472576386856052023114139649, 12388557623114848661875557354155374832378119195049485194985641051115940902864), (2550720729450514211883123261432965444002620316962864630450346067140897800882, 21034572457739107049750758410813836462506774918045960146774005844768776767663, 17231584630398210823964075410102889003819049908919136675877454785751424328201)]

INFO     sending share distribution transaction
INFO     transaction hash: 0x18e74cd6111e9e91ef7bfb4146842795efa7806747a06f7ddb1a9bd309baafdd

INFO     waiting for confirmation

INFO     transaction confirmed
INFO     transaction hash: 0x18e74cd6111e9e91ef7bfb4146842795efa7806747a06f7ddb1a9bd309baafdd
INFO     block number:     42
INFO     consumed gas:     96907
INFO     status:           OK (1)


INFO     waiting for end of share distribution phase and consensus stabilization
INFO     current block: 43; 9 blocks remaining
INFO     current block: 45; 7 blocks remaining
INFO     current block: 48; 4 blocks remaining

INFO     share distribution phase completed

INFO     loading shares

INFO     node 0x90F8bf6A479f320ead074411a4B0e7944Ea8c9C1: valid share received
INFO         share for this node: 15149577907125482884019740604193978004964635625323227734448474703543495571737
INFO         encrypted shares:    {1460421433723022276000521202094821163149419612656: 51938695159214740630543433629335514213763790271952312844591939615887771901912, 198846140085582528055991518683990937356436890411: 28380878821280407709465460453785078237224048823774837184917379716091432090771, 1285139217279159167779615858304196084828273412141: 86709269097465273845625136593087867496848013229422318585948946550365277255971}
INFO         commitments:         [(15171553209532027293970902882592217838305005356025235352449944135173929896345, 20190651364046822906146883642483758385387437993136065145878304294584105343023, 1), (19799386949893760739405052323804674125417792308085766771647125892870303576431, 15190269432038157612640690437208304431617606849572299632845580224258998562466, 1)]

INFO     node 0xFFcf8FDEE72ac11b5c542428B35EEF5769C409f0: valid share received
INFO         share for this node: 7643247595953375737514301877081353353342953196586117961406993435248491515355
INFO         encrypted shares:    {827641930419614124039720421795580660909102123457: 12174214578685140081096492994386555563059281024386675757546131515018112542570, 198846140085582528055991518683990937356436890411: 38733464105942198021502223853218656806781240054009447574100704092560363375687, 1285139217279159167779615858304196084828273412141: 53464169159271163135761019486569948342000449202230677268632965002443803088073}
INFO         commitments:         [(9986018250788709158523866825440448648472398866788217716027393172302520280797, 10433035415585231508525255575615225669223353750241432586186141672960177633998, 1), (10336214619443798189768002739245587191668388887457349707836871592627336040453, 20308781057124045868109555931605250660057617403295468544570129909905864488243, 1)]

INFO     node 0xE11BA2b4D45Eaed5996Cd0823791E0C93114882d: valid share received
INFO         share for this node: 6409077852395716582070315531786146365059841120080973604515903226805221948038
INFO         encrypted shares:    {827641930419614124039720421795580660909102123457: 59565760596027157355163273700923839958314317363743512018872956236808139451741, 1460421433723022276000521202094821163149419612656: 1346053134060093233355458733718934101750804287952061257432258502856564555723, 198846140085582528055991518683990937356436890411: 45836061357621339655386484978282470316649143747824211575216661742914423139655}
INFO         commitments:         [(5261264447125615883867035878487144077876671865660388827426150965237470141022, 21570790879565978434148984318426791770346725344370515202172811059276113887390, 1), (5438585799491828586807721922245692897127187484268526025848900313099331208962, 18775990884935961028640814704707865123001756777388055123287484118772584269953, 1)]

INFO     shares received: 3 ok, 0 missing, 0 invalid



INFO     DISPUTE PHASE

INFO     current block: 55
INFO     dispute phase until block: 72

INFO     no disputes to submit

INFO     waiting for end of share dispute phase and consensus stabilization
INFO     current block: 56; 21 blocks remaining
INFO     current block: 62; 15 blocks remaining
INFO     current block: 68; 9 blocks remaining
INFO     current block: 72; 5 blocks remaining
INFO     current block: 76; 1 blocks remaining

INFO     dispute phase completed

INFO     loading received disputes
INFO     no dispute events detected



INFO     KEY DERIVATION PHASE

INFO     current block: 77

INFO     deriving set of qualified nodes
INFO     nodes status: (* marks this node)
INFO         0x90F8bf6A479f320ead074411a4B0e7944Ea8c9C1:  qualified
INFO         0xFFcf8FDEE72ac11b5c542428B35EEF5769C409f0:  qualified
INFO         0x22d491Bde2303f2f43325b2108D26f1eAbA1e32b*: qualified
INFO         0xE11BA2b4D45Eaed5996Cd0823791E0C93114882d:  qualified

INFO     status summary: 4 qualified, 0 failed, 0 adversarial

INFO     deriving key share
INFO         keyshare (G1):    (16649122191344286429957930206113427560013713205978628068567723898686613574225, 7850561788830437151325050525225624912133531560908577826344867841297842038630)
INFO         keyshare (G2):    (12178146960635636737476266067863560123850648075347869241393809127120231135068, 3077644927046664313874953207178480736300114052242147248220224429903886958069, 3987946751933884844668890673061348011644781347771494530973006909590283279829, 7935128042546988261583891301085050762014190137669065329047437311327708383644)
INFO         correctess proof: (107740942819585105255177778039758059660773159550214202203998314915562607839822, 1131922465898278270482633931598990955364538292932693319623235702335277149381)

INFO     submitting transaction
INFO     transaction hash: 0xbb23ce8f128d6868963b3344ca67e47b7e6c09e645ef561c34a514862f94f5e7

INFO     waiting for confirmation

INFO     transaction confirmed
INFO     transaction hash: 0xbb23ce8f128d6868963b3344ca67e47b7e6c09e645ef561c34a514862f94f5e7
INFO     block number:     78
INFO     consumed gas:     222498
INFO     status:           OK (1)


INFO     waiting for end of key submission and consensus stabilization
INFO     current block: 78; 24 blocks remaining
INFO     current block: 79; 23 blocks remaining
INFO     current block: 82; 20 blocks remaining
INFO     current block: 88; 14 blocks remaining
INFO     current block: 94; 8 blocks remaining

INFO     key submission completed

INFO     loading key shares
INFO     4 key share submission events detected; 4 events expected

INFO     key share from node 0x22d491Bde2303f2f43325b2108D26f1eAbA1e32b
INFO         keyshare (G1):    [16649122191344286429957930206113427560013713205978628068567723898686613574225, 7850561788830437151325050525225624912133531560908577826344867841297842038630]
INFO         keyshare (G2):    [12178146960635636737476266067863560123850648075347869241393809127120231135068, 3077644927046664313874953207178480736300114052242147248220224429903886958069, 3987946751933884844668890673061348011644781347771494530973006909590283279829, 7935128042546988261583891301085050762014190137669065329047437311327708383644]
INFO         correctess proof: [107740942819585105255177778039758059660773159550214202203998314915562607839822, 1131922465898278270482633931598990955364538292932693319623235702335277149381]

INFO     key share from node 0x90F8bf6A479f320ead074411a4B0e7944Ea8c9C1
INFO         keyshare (G1):    [6421719122174934484975774650847703304272753659260452467947337290452713844634, 1687888638830565571131259877682912358158514734199171011143050583755029844878]
INFO         keyshare (G2):    [18718431271574056124125604250547478096774494061702200763343957063113960352942, 12971894999698625925005145504179170941363710279243012553562596097316022132435, 21314266199056943737771075103678569519526421780176751339095301327821764218593, 16420457377909135796215704651588141477541277430376576633404059861292282979722]
INFO         correctess proof: [21392993905678086432225353648088694736393558370978089793535418175971046388748, 17119483026347442471814303040884750386236494483037731647245006076765152538340]

INFO     key share from node 0xFFcf8FDEE72ac11b5c542428B35EEF5769C409f0
INFO         keyshare (G1):    [4307265366361119326841070749516127641549160420130893192869057772259053456616, 4107101164865573775099487983388605995104466259970154687919519993538476026078]
INFO         keyshare (G2):    [8271518761984760260695542794184362455601350759596719526596141084089599206232, 10918497726848189827384796582582337523598063248782303521580174948865671393597, 13595527530084838992339473068568973812700320965717181005264008427165891716807, 11784027221169213170311440309196124707114431648198652846794392038855583681946]
INFO         correctess proof: [83504342805857547278085173511643945915938391525712644416026903232542007298761, 859764747169880559384495147042527445431180018568060938076366281064314512416]

INFO     key share from node 0xE11BA2b4D45Eaed5996Cd0823791E0C93114882d
INFO         keyshare (G1):    [4666517727037531342255830445048446761782058467852403072339207405023261164281, 7186298510387557056984232248486868303748093681152365690848701819755146620178]
INFO         keyshare (G2):    [11767224772523451781212632950929764372267061529640984674491687123764096571435, 646595255828440003673090401054299181429016477940899506971821681692512408743, 4880990426214114088122645732586193642182619701751421513695942099117102605453, 4765270983907398448440391128154855893846773459113411942575763755280584402298]
INFO         correctess proof: [102501714987343861014837355542559679601038290597331834219685994435164461316978, 21868157240291051558774712156442393251699077535470708503509006817888909158074]

INFO     no need to recover any key shares
INFO     deriving master public key
INFO     master public key: (16219673625939656534099015524947988742892426110658814868043542000183527898985, 2450091149946043436922561289923900541195137835512170794169469633819646525739, 10187170975890113852275043065684512684493317812323907515321411091400211508811, 6920627840401521285669079974087605440744820653820580787259893884343945986249)

INFO     submitting master public key
INFO     transaction hash: 0x510650ac087da960245a780e7a35067d3b2ea4b5d370fcde5587d6d55611941f

INFO     waiting for confirmation

INFO     transaction confirmed
INFO     transaction hash: 0x510650ac087da960245a780e7a35067d3b2ea4b5d370fcde5587d6d55611941f
INFO     block number:     111
INFO     consumed gas:     25215
INFO     status:           OK (1)




INFO     DKG protocol completed

INFO     master public key: (16219673625939656534099015524947988742892426110658814868043542000183527898985, 2450091149946043436922561289923900541195137835512170794169469633819646525739, 10187170975890113852275043065684512684493317812323907515321411091400211508811, 6920627840401521285669079974087605440744820653820580787259893884343945986249)

INFO     group secret key (this node): 12709539318470987316302360277836195734326345398713199807038669597003444635775
INFO     group public key (this node): (2819019308047032143330178775737181001280099440916415552008840614547024379377, 15764123713410857400461504785746664891726958075557847838596392174648815432612, 14866066442697292266902364407889289321859813186713371557229968396850366186872, 14141820553727409307166697094915130194768734501441307010537979803356023736256)
INFO     correctness proof for group public key: ((12023154696707063966674988571423539693252320870774312276575589346418805609483, 1604599430119657587110491526719347905798095833629655362403784832053732688603), (67850499478355367968556200802889733683720931652401612508624112987041491943590, 6180909222458392884144343323273186942337062183145434362732965381534065547094))

